CRPBleSdkSample/sample/build/outputs/mapping/debug/seeds.txt
com.crrepa.sdk.sample.scan.ScanActivity
com.crrepa.sdk.sample.device.DeviceActivity
com.crrepa.sdk.sample.scan.ScanActivity_ViewBinding
com.crrepa.sdk.sample.device.DeviceActivity_ViewBinding
com.crrepa.sdk.sample.scan.ScanResultsAdapter$ViewHolder
com.crrepa.sdk.sample.scan.ScanResultsAdapter$ViewHolder_ViewBinding
com.crrepa.sdk.sample.SampleApplication
com.crrepa.sdk.sample.device.DeviceActivity: android.widget.TextView tvUpgradeState
com.crrepa.sdk.sample.device.DeviceActivity: android.widget.TextView tvDistance
com.crrepa.sdk.sample.device.DeviceActivity: android.widget.TextView tvBattery
com.crrepa.sdk.sample.scan.ScanResultsAdapter$ViewHolder: android.widget.TextView line1
com.crrepa.sdk.sample.scan.ScanResultsAdapter$ViewHolder: android.widget.TextView line2
com.crrepa.sdk.sample.device.DeviceActivity: android.widget.TextView tvHeartRate
com.crrepa.sdk.sample.device.DeviceActivity: android.widget.TextView tvConnectState
com.crrepa.sdk.sample.device.DeviceActivity: android.widget.TextView tvFirmwareVersion
com.crrepa.sdk.sample.device.DeviceActivity: android.widget.TextView tvCalorie
com.crrepa.sdk.sample.scan.ScanActivity: android.widget.Button scanToggleBtn
com.crrepa.sdk.sample.device.DeviceActivity: android.widget.TextView tvStep
com.crrepa.sdk.sample.scan.ScanActivity: androidx.recyclerview.widget.RecyclerView scanResults
com.crrepa.sdk.sample.device.DeviceActivity: android.widget.TextView tvLight
com.crrepa.sdk.sample.device.DeviceActivity: android.widget.TextView tvRestful
com.crrepa.sdk.sample.device.DeviceActivity: android.widget.TextView tvNewFirmwareVersion
com.crrepa.sdk.sample.device.DeviceActivity: android.widget.TextView tvBloodPressure
com.crrepa.sdk.sample.device.DeviceActivity: android.widget.TextView tvBloodOxygen
com.crrepa.sdk.sample.device.DeviceActivity: android.widget.Button btnBleDisconnect
com.crrepa.sdk.sample.scan.ScanResultsAdapter$ViewHolder_ViewBinding: ScanResultsAdapter$ViewHolder_ViewBinding(com.crrepa.sdk.sample.scan.ScanResultsAdapter$ViewHolder,android.view.View)
com.crrepa.sdk.sample.SampleApplication: SampleApplication()
com.crrepa.sdk.sample.scan.ScanActivity: ScanActivity()
com.crrepa.sdk.sample.device.DeviceActivity: DeviceActivity()
com.crrepa.sdk.sample.scan.ScanActivity: void onViewClicked(android.view.View)
com.crrepa.sdk.sample.device.DeviceActivity: void onViewClicked(android.view.View)
com.crrepa.sdk.sample.device.DeviceActivity: void onConnectStateClick()
com.crrepa.sdk.sample.device.DeviceActivity_ViewBinding: DeviceActivity_ViewBinding(com.crrepa.sdk.sample.device.DeviceActivity,android.view.View)
com.crrepa.sdk.sample.scan.ScanActivity_ViewBinding: ScanActivity_ViewBinding(com.crrepa.sdk.sample.scan.ScanActivity,android.view.View)
...
androidx.appcompat.widget.Toolbar: int getContentInsetEnd()
androidx.appcompat.widget.AppCompatReceiveContentHelper$OnDropApi24Impl: boolean onDropForView(android.view.DragEvent,android.view.View,android.app.Activity)
androidx.appcompat.widget.AppCompatImageButton: void setImageResource(int)
androidx.core.view.ViewCompat$Api26Impl: android.view.View keyboardNavigationClusterSearch(android.view.View,android.view.View,int)
androidx.core.app.AppOpsManagerCompat$Api29Impl: int checkOpNoThrow(android.app.AppOpsManager,java.lang.String,int,java.lang.String)
androidx.appcompat.widget.AppCompatImageButton: void setImageLevel(int)
androidx.core.graphics.drawable.DrawableCompat$Api23Impl: boolean setLayoutDirection(android.graphics.drawable.Drawable,int)
androidx.appcompat.widget.AppCompatCheckedTextView: android.graphics.PorterDuff$Mode getSupportCheckMarkTintMode()
androidx.appcompat.widget.ActionBarContextView: void setSubtitle(java.lang.CharSequence)
androidx.core.view.ViewCompat$Api28Impl: boolean isAccessibilityHeading(android.view.View)
androidx.core.content.ContextCompat$Api21Impl: android.graphics.drawable.Drawable getDrawable(android.content.Context,int)
androidx.appcompat.app.AppCompatDelegateImpl$Api24Impl: androidx.core.os.LocaleListCompat getLocales(android.content.res.Configuration)
androidx.appcompat.widget.AppCompatSpinner: java.lang.CharSequence getPrompt()
androidx.core.view.ViewCompat$Api21Impl: void setNestedScrollingEnabled(android.view.View,boolean)
androidx.core.widget.CompoundButtonCompat$Api21Impl: android.graphics.PorterDuff$Mode getButtonTintMode(android.widget.CompoundButton)
androidx.core.content.res.ResourcesCompat$Api23Impl: int getColor(android.content.res.Resources,int,android.content.res.Resources$Theme)
androidx.recyclerview.widget.RecyclerView: long getNanoTime()
androidx.appcompat.widget.AppCompatButton: void setSupportCompoundDrawablesTintList(android.content.res.ColorStateList)
androidx.appcompat.widget.ViewStubCompat: void setOnInflateListener(androidx.appcompat.widget.ViewStubCompat$OnInflateListener)
androidx.core.widget.TextViewCompat$Api17Impl: java.util.Locale getTextLocale(android.widget.TextView)
androidx.appcompat.widget.AppCompatSpinner: void setPopupBackgroundResource(int)
androidx.appcompat.widget.Toolbar: android.view.View getNavButtonView()
androidx.appcompat.widget.AppCompatTextHelper$Api24Impl: void setTextLocales(android.widget.TextView,android.os.LocaleList)
androidx.recyclerview.widget.RecyclerView: void setHasFixedSize(boolean)
androidx.appcompat.widget.AppCompatSpinner: int getDropDownVerticalOffset()
androidx.appcompat.widget.AppCompatCheckBox: android.content.res.ColorStateList getSupportCompoundDrawablesTintList()
androidx.appcompat.widget.AppCompatCheckBox: void setSupportButtonTintList(android.content.res.ColorStateList)
androidx.appcompat.widget.Toolbar: void setCollapseContentDescription(int)
com.crrepa.ble.conn.type.CRPMuslimPrayerAsrCalculationType: com.crrepa.ble.conn.type.CRPMuslimPrayerAsrCalculationType[] values()
androidx.core.view.ViewCompat$Api16Impl: void removeOnGlobalLayoutListener(android.view.ViewTreeObserver,android.view.ViewTreeObserver$OnGlobalLayoutListener)
androidx.appcompat.widget.AppCompatMultiAutoCompleteTextView: void setDropDownBackgroundResource(int)
androidx.recyclerview.widget.RecyclerView$Adapter$StateRestorationPolicy: androidx.recyclerview.widget.RecyclerView$Adapter$StateRestorationPolicy[] values()
androidx.appcompat.widget.ListPopupWindow$Api24Impl: int getMaxAvailableHeight(android.widget.PopupWindow,android.view.View,int,boolean)
butterknife.R$integer: R$integer()
androidx.appcompat.widget.AppCompatRadioButton: android.graphics.PorterDuff$Mode getSupportCompoundDrawablesTintMode()
androidx.vectordrawable.graphics.drawable.VectorDrawableCompat$VGroup: void setScaleY(float)
com.crrepa.ble.conn.bean.CRPWatchFaceInfo$WacthFaceType: com.crrepa.ble.conn.bean.CRPWatchFaceInfo$WacthFaceType[] values()