CRPBleSdkSample/sample/build/outputs/mapping/debug/mapping.txt
# compiler: R8
# compiler_version: 8.3.36
# min_api: 24
# common_typos_disable
# {"id":"com.android.tools.r8.mapping","version":"2.2"}
# pg_map_id: 6866a4c
# pg_map_hash: SHA-256 6866a4c1f7434b7fed833820862d073f300840a20c57f83eb12bb2f26768e145
com.crrepa.sdk.sample.PermissionUtils -> com.crrepa.sdk.sample.PermissionUtils:
# {"id":"sourceFile","fileName":"PermissionUtils.java"}
    16:16:void <clinit>() -> <clinit>
    17:17:void <clinit>() -> <clinit>
    18:18:void <clinit>() -> <clinit>
    19:19:void <clinit>() -> <clinit>
    20:20:void <clinit>() -> <clinit>
    21:21:void <clinit>() -> <clinit>
    22:22:void <clinit>() -> <clinit>
    23:23:void <clinit>() -> <clinit>
    24:24:void <clinit>() -> <clinit>
    25:25:void <clinit>() -> <clinit>
    91:91:boolean hasSelfPermission(android.content.Context,java.lang.String) -> hasSelfPermission
    92:92:boolean hasSelfPermission(android.content.Context,java.lang.String) -> hasSelfPermission
    93:93:boolean hasSelfPermission(android.content.Context,java.lang.String) -> hasSelfPermission
    70:70:boolean hasSelfPermissions(android.content.Context,java.lang.String[]) -> hasSelfPermissions
    71:71:boolean hasSelfPermissions(android.content.Context,java.lang.String[]) -> hasSelfPermissions
    72:72:boolean hasSelfPermissions(android.content.Context,java.lang.String[]) -> hasSelfPermissions
    75:75:boolean hasSelfPermissions(android.content.Context,java.lang.String[]) -> hasSelfPermissions
    56:56:boolean permissionExists(java.lang.String) -> permissionExists
    59:59:boolean permissionExists(java.lang.String) -> permissionExists
com.crrepa.sdk.sample.SampleApplication -> com.crrepa.sdk.sample.SampleApplication:
# {"id":"sourceFile","fileName":"SampleApplication.java"}
    8:8:void <init>() -> <init>
    13:13:com.crrepa.ble.CRPBleClient getBleClient(android.content.Context) -> getBleClient
    14:14:com.crrepa.ble.CRPBleClient getBleClient(android.content.Context) -> getBleClient
    19:19:void onCreate() -> onCreate
    20:20:void onCreate() -> onCreate
    21:21:void onCreate() -> onCreate
com.crrepa.sdk.sample.device.DeviceActivity -> com.crrepa.sdk.sample.device.DeviceActivity:
# {"id":"sourceFile","fileName":"DeviceActivity.java"}
    0:0:java.util.List -$$Nest$fgetmSupportWatchFaceList(com.crrepa.sdk.sample.device.DeviceActivity) -> -$$Nest$fgetmSupportWatchFaceList
      # {"id":"com.android.tools.r8.synthesized"}
    0:0:java.util.List -$$Nest$fgettrainingList(com.crrepa.sdk.sample.device.DeviceActivity) -> -$$Nest$fgettrainingList
      # {"id":"com.android.tools.r8.synthesized"}
    0:0:void -$$Nest$fputmFirmwareVersion(com.crrepa.sdk.sample.device.DeviceActivity,java.lang.String) -> -$$Nest$fputmFirmwareVersion
      # {"id":"com.android.tools.r8.synthesized"}
    0:0:void -$$Nest$fputmQuickContactConfigInfo(com.crrepa.sdk.sample.device.DeviceActivity,com.crrepa.ble.conn.bean.CRPContactConfigInfo) -> -$$Nest$fputmQuickContactConfigInfo
      # {"id":"com.android.tools.r8.synthesized"}
    0:0:void -$$Nest$fputmSupportWatchFaceList(com.crrepa.sdk.sample.device.DeviceActivity,java.util.List) -> -$$Nest$fputmSupportWatchFaceList
      # {"id":"com.android.tools.r8.synthesized"}
    0:0:void -$$Nest$fputmWatchFaceLayoutInfo(com.crrepa.sdk.sample.device.DeviceActivity,com.crrepa.ble.conn.bean.CRPWatchFaceLayoutInfo) -> -$$Nest$fputmWatchFaceLayoutInfo
      # {"id":"com.android.tools.r8.synthesized"}
    0:0:void -$$Nest$mcloseGatt(com.crrepa.sdk.sample.device.DeviceActivity) -> -$$Nest$mcloseGatt
      # {"id":"com.android.tools.r8.synthesized"}
...
com.liulishuo.filedownloader.message.LargeMessageSnapshot$ProgressMessageSnapshot -> com.liulishuo.filedownloader.message.LargeMessageSnapshot$ProgressMessageSnapshot:
# {"id":"sourceFile","fileName":"LargeMessageSnapshot.java"}
    176:176:void <init>(int,long) -> <init>
    177:177:void <init>(int,long) -> <init>
    178:178:void <init>(int,long) -> <init>
    202:202:void <init>(android.os.Parcel) -> <init>
    203:203:void <init>(android.os.Parcel) -> <init>
    204:204:void <init>(android.os.Parcel) -> <init>
    192:192:int describeContents() -> describeContents
    187:187:long getLargeSofarBytes() -> getLargeSofarBytes
    182:182:byte getStatus() -> getStatus
    197:197:void writeToParcel(android.os.Parcel,int) -> writeToParcel
    198:198:void writeToParcel(android.os.Parcel,int) -> writeToParcel
    199:199:void writeToParcel(android.os.Parcel,int) -> writeToParcel
com.liulishuo.filedownloader.message.LargeMessageSnapshot$RetryMessageSnapshot -> com.liulishuo.filedownloader.message.LargeMessageSnapshot$RetryMessageSnapshot:
# {"id":"sourceFile","fileName":"LargeMessageSnapshot.java"}
    317:317:void <init>(int,long,java.lang.Throwable,int) -> <init>
    318:318:void <init>(int,long,java.lang.Throwable,int) -> <init>
    319:319:void <init>(int,long,java.lang.Throwable,int) -> <init>
    338:338:void <init>(android.os.Parcel) -> <init>
    339:339:void <init>(android.os.Parcel) -> <init>
    340:340:void <init>(android.os.Parcel) -> <init>
    328:328:int describeContents() -> describeContents
    323:323:int getRetryingTimes() -> getRetryingTimes
    344:344:byte getStatus() -> getStatus
    333:333:void writeToParcel(android.os.Parcel,int) -> writeToParcel
    334:334:void writeToParcel(android.os.Parcel,int) -> writeToParcel
    335:335:void writeToParcel(android.os.Parcel,int) -> writeToParcel
com.liulishuo.filedownloader.message.LargeMessageSnapshot$WarnFlowDirectlySnapshot -> com.liulishuo.filedownloader.message.LargeMessageSnapshot$WarnFlowDirectlySnapshot:
# {"id":"sourceFile","fileName":"LargeMessageSnapshot.java"}
    353:353:void <init>(int,long,long) -> <init>
    354:354:void <init>(int,long,long) -> <init>
com.liulishuo.filedownloader.message.LargeMessageSnapshot$WarnMessageSnapshot -> com.liulishuo.filedownloader.message.LargeMessageSnapshot$WarnMessageSnapshot:
# {"id":"sourceFile","fileName":"LargeMessageSnapshot.java"}
    365:365:void <init>(int,long,long) -> <init>
    366:366:void <init>(int,long,long) -> <init>
    369:369:void <init>(android.os.Parcel) -> <init>
    370:370:void <init>(android.os.Parcel) -> <init>
    379:379:byte getStatus() -> getStatus
    374:374:com.liulishuo.filedownloader.message.MessageSnapshot turnToPending() -> turnToPending