CRPBleSdkSample/sample/build/outputs/mapping/debug/usage.txt
com.crrepa.sdk.sample.PermissionUtils:
    private void <init>()
    public static varargs boolean shouldShowRequestPermissionRationale(android.app.Activity,java.lang.String[])
    public static varargs boolean shouldShowRequestPermissionRationale(androidx.fragment.app.Fragment,java.lang.String[])
    public static varargs boolean verifyPermissions(int[])
com.crrepa.sdk.sample.R$color
com.crrepa.sdk.sample.R$dimen
com.crrepa.sdk.sample.R$drawable
com.crrepa.sdk.sample.R$id
com.crrepa.sdk.sample.R$layout
com.crrepa.sdk.sample.R$mipmap
com.crrepa.sdk.sample.R$string
com.crrepa.sdk.sample.R$style
com.crrepa.sdk.sample.R
com.crrepa.sdk.sample.device.DeviceActivity$32:
    public void onWatchFaceChange(com.crrepa.ble.conn.bean.CRPWatchFaceStoreInfo$WatchFaceBean)
com.crrepa.sdk.sample.device.DeviceActivity$36
com.crrepa.sdk.sample.device.DeviceActivity$55:
    public void onFirmwareDownloadComplete()
    public void onFirmwareDownloadStarting()
    public void onUpgradeAborted()
    public void onUpgradeProgressStarting(boolean)
com.crrepa.sdk.sample.device.DeviceActivity$57
com.crrepa.sdk.sample.device.DeviceActivity:
    public static final java.lang.String DEVICE_ADDRESS
    public static final java.lang.String DEVICE_MCU_PLATFORM
    private static final java.lang.String TAG
    private void queryLastMeasureECGData()
    private void sendEpoFile(com.crrepa.ble.conn.type.CRPEpoType)
com.crrepa.sdk.sample.device.DeviceActivity_ViewBinding:
    public void <init>(com.crrepa.sdk.sample.device.DeviceActivity)
    public void unbind()
com.crrepa.sdk.sample.scan.ScanActivity:
    private static final java.lang.String BAND_ADDRESS
    private static final int REQUEST_UPDATEBANDCONFIG
    private static final int SCAN_PERIOD
    private static final java.lang.String TAG
    private static final java.lang.String USER_START_ADDRESS
com.crrepa.sdk.sample.scan.ScanActivity_ViewBinding:
    public void <init>(com.crrepa.sdk.sample.scan.ScanActivity)
    public void unbind()
com.crrepa.sdk.sample.scan.ScanResultsAdapter$ViewHolder_ViewBinding:
    public void unbind()
com.crrepa.sdk.sample.device.DeviceActivity$26:
    public void onWatchFaceStoreChange(com.crrepa.ble.conn.bean.CRPWatchFaceStoreInfo)
com.crrepa.sdk.sample.device.DeviceActivity$28:
    public void onWatchFaceStoreTagChange(java.util.List)
com.crrepa.sdk.sample.device.DeviceActivity$30
...
com.liulishuo.filedownloader.message.SmallMessageSnapshot$WarnFlowDirectlySnapshot:
    void <init>(android.os.Parcel)
com.liulishuo.filedownloader.model.ConnectionModel:
    public static final java.lang.String CURRENT_OFFSET
    public static final java.lang.String END_OFFSET
    public static final java.lang.String ID
    public static final java.lang.String INDEX
    public static final java.lang.String START_OFFSET
com.liulishuo.filedownloader.model.FileDownloadHeader:
    public void <init>()
    public void add(java.lang.String)
    public void add(java.lang.String,java.lang.String)
    public void removeAll(java.lang.String)
com.liulishuo.filedownloader.model.FileDownloadModel:
    public static final java.lang.String CONNECTION_COUNT
    public static final int DEFAULT_CALLBACK_PROGRESS_TIMES
    public static final java.lang.String ERR_MSG
    public static final java.lang.String ETAG
    public static final java.lang.String FILENAME
    public static final java.lang.String ID
    public static final java.lang.String PATH
    public static final java.lang.String PATH_AS_DIRECTORY
    public static final java.lang.String SOFAR
    public static final java.lang.String STATUS
    public static final java.lang.String TOTAL
    public static final int TOTAL_VALUE_IN_CHUNKED_RESOURCE
    public static final java.lang.String URL
    public void deleteTargetFile()
    public void deleteTaskFiles()
    public void deleteTempFile()
com.liulishuo.filedownloader.model.FileDownloadStatus:
    public static final byte INVALID_STATUS
    public static final byte blockComplete
    public static final byte completed
    public static final byte connected
    public static final byte error
    public static final byte paused
    public static final byte pending
    public static final byte progress
    public static final byte retry
    public static final byte started
    public static final byte toFileDownloadService
    public static final byte toLaunchPool
    public static final byte warn
    public void <init>()
com.liulishuo.filedownloader.model.FileDownloadTaskAtom$1
com.liulishuo.filedownloader.model.FileDownloadTaskAtom
com.liulishuo.filedownloader.notification.BaseNotificationItem
com.liulishuo.filedownloader.notification.FileDownloadNotificationHelper
com.liulishuo.filedownloader.notification.FileDownloadNotificationListener
com.liulishuo.filedownloader.services.BaseFileServiceUIGuard:
    protected android.os.Binder getCallback()
    protected java.lang.Object popCache(java.lang.String)
    protected java.lang.String putCache(java.lang.Object)
    public void unbindByContext(android.content.Context)